TN:
SF:/Users/primary/temp/0x_contracts/contracts/base/MultiSigWallet.sol
FN:33,onlyWallet
FN:39,ownerDoesNotExist
FN:45,ownerExists
FN:51,transactionExists
FN:57,confirmed
FN:63,notConfirmed
FN:69,notExecuted
FN:75,notNull
FN:81,validRequirement
FN:91,
FN:104,MultiSigWallet
FN:119,addOwner
FN:133,removeOwner
FN:153,replaceOwner
FN:172,changeRequirement
FN:186,submitTransaction
FN:196,confirmTransaction
FN:209,revokeConfirmation
FN:221,executeTransaction
FN:240,isConfirmed
FN:262,addTransaction
FN:284,getConfirmationCount
FN:298,getTransactionCount
FN:311,getOwners
FN:322,getConfirmations
FN:346,getTransactionIds
FNF:26
FNH:11
FNDA:3,onlyWallet
FNDA:0,ownerDoesNotExist
FNDA:13,ownerExists
FNDA:13,transactionExists
FNDA:0,confirmed
FNDA:13,notConfirmed
FNDA:10,notExecuted
FNDA:7,notNull
FNDA:8,validRequirement
FNDA:0,
FNDA:8,MultiSigWallet
FNDA:0,addOwner
FNDA:0,removeOwner
FNDA:0,replaceOwner
FNDA:0,changeRequirement
FNDA:7,submitTransaction
FNDA:0,confirmTransaction
FNDA:0,revokeConfirmation
FNDA:0,executeTransaction
FNDA:39,isConfirmed
FNDA:7,addTransaction
FNDA:0,getConfirmationCount
FNDA:0,getTransactionCount
FNDA:0,getOwners
FNDA:0,getConfirmations
FNDA:0,getTransactionIds
DA:34,3
DA:35,1
DA:36,2
DA:40,0
DA:41,0
DA:42,0
DA:46,13
DA:47,0
DA:48,13
DA:52,13
DA:53,0
DA:54,13
DA:58,0
DA:59,0
DA:60,0
DA:64,13
DA:65,0
DA:66,13
DA:70,10
DA:71,1
DA:72,9
DA:76,7
DA:77,0
DA:78,7
DA:82,8
DA:86,0
DA:87,8
DA:94,0
DA:95,0
DA:108,8
DA:109,16
DA:110,0
DA:111,16
DA:113,8
DA:114,8
DA:126,0
DA:127,0
DA:128,0
DA:138,0
DA:139,0
DA:140,0
DA:141,0
DA:142,0
DA:144,0
DA:145,0
DA:146,0
DA:147,0
DA:159,0
DA:160,0
DA:161,0
DA:162,0
DA:164,0
DA:165,0
DA:166,0
DA:167,0
DA:177,0
DA:178,0
DA:190,7
DA:191,7
DA:202,0
DA:203,0
DA:204,0
DA:215,0
DA:216,0
DA:225,0
DA:226,0
DA:227,0
DA:228,0
DA:229,0
DA:231,0
DA:232,0
DA:245,39
DA:246,39
DA:247,78
DA:248,49
DA:249,78
DA:250,17
DA:267,7
DA:268,7
DA:274,7
DA:275,7
DA:289,0
DA:290,0
DA:291,0
DA:303,0
DA:304,0
DA:306,0
DA:316,0
DA:327,0
DA:328,0
DA:329,0
DA:330,0
DA:331,0
DA:332,0
DA:333,0
DA:335,0
DA:336,0
DA:337,0
DA:351,0
DA:352,0
DA:353,0
DA:354,0
DA:355,0
DA:358,0
DA:359,0
DA:361,0
DA:362,0
DA:363,0
LF:108
LH:33
BRDA:34,1,0,1
BRDA:34,1,1,2
BRDA:40,2,0,0
BRDA:40,2,1,0
BRDA:46,3,0,0
BRDA:46,3,1,13
BRDA:52,4,0,0
BRDA:52,4,1,13
BRDA:58,5,0,0
BRDA:58,5,1,0
BRDA:64,6,0,0
BRDA:64,6,1,13
BRDA:70,7,0,1
BRDA:70,7,1,9
BRDA:76,8,0,0
BRDA:76,8,1,7
BRDA:82,9,0,0
BRDA:82,9,1,8
BRDA:94,10,0,0
BRDA:94,10,1,0
BRDA:109,11,0,0
BRDA:109,11,1,16
BRDA:140,12,0,0
BRDA:140,12,1,0
BRDA:145,13,0,0
BRDA:145,13,1,0
BRDA:160,14,0,0
BRDA:160,14,1,0
BRDA:225,15,0,0
BRDA:225,15,1,0
BRDA:228,16,0,0
BRDA:228,16,1,0
BRDA:247,17,0,49
BRDA:247,17,1,29
BRDA:249,18,0,17
BRDA:249,18,1,61
BRDA:290,19,0,0
BRDA:290,19,1,0
BRDA:304,20,0,0
BRDA:304,20,1,0
BRDA:331,21,0,0
BRDA:331,21,1,0
BRDA:355,22,0,0
BRDA:355,22,1,0
BRF:44
BRH:14
end_of_record
TN:
SF:/Users/primary/temp/0x_contracts/contracts/base/Ownable.sol
FN:13,Ownable
FN:17,onlyOwner
FN:22,transferOwnership
FNF:3
FNH:3
FNDA:63,Ownable
FNDA:155,onlyOwner
FNDA:7,transferOwnership
DA:14,63
DA:18,155
DA:19,146
DA:23,7
DA:24,7
LF:5
LH:5
BRDA:18,1,0,146
BRDA:18,1,1,9
BRDA:23,2,0,7
BRDA:23,2,1,0
BRF:4
BRH:3
end_of_record
TN:
SF:/Users/primary/temp/0x_contracts/contracts/base/SafeMath.sol
FN:4,safeMul
FN:10,safeDiv
FN:15,safeSub
FN:20,safeAdd
FN:26,max64
FN:30,min64
FN:34,max256
FN:38,min256
FNF:8
FNH:5
FNDA:229,safeMul
FNDA:224,safeDiv
FNDA:162,safeSub
FNDA:189,safeAdd
FNDA:0,max64
FNDA:0,min64
FNDA:0,max256
FNDA:71,min256
DA:5,229
DA:6,229
DA:7,229
DA:11,224
DA:12,224
DA:16,162
DA:17,161
DA:21,189
DA:22,189
DA:23,189
DA:27,0
DA:31,0
DA:35,0
DA:39,71
LF:14
LH:11
BRDA:6,1,0,229
BRDA:6,1,1,0
BRDA:16,2,0,161
BRDA:16,2,1,1
BRDA:22,3,0,189
BRDA:22,3,1,0
BRF:6
BRH:4
end_of_record
TN:
SF:/Users/primary/temp/0x_contracts/contracts/base/StandardToken.sol
FN:7,transfer
FN:17,transferFrom
FN:27,balanceOf
FN:31,approve
FN:37,allowance
FNF:5
FNH:5
FNDA:7,transfer
FNDA:115,transferFrom
FNDA:822,balanceOf
FNDA:56,approve
FNDA:130,allowance
DA:9,7
DA:10,7
DA:11,7
DA:12,7
DA:13,7
DA:18,114
DA:19,110
DA:20,110
DA:21,110
DA:22,110
DA:23,110
DA:28,822
DA:32,56
DA:33,56
DA:34,56
DA:38,130
LF:16
LH:16
BRDA:9,1,0,7
BRDA:9,1,1,0
BRDA:18,2,0,110
BRDA:18,2,1,4
BRF:4
BRH:3
end_of_record
TN:
SF:/Users/primary/temp/0x_contracts/contracts/base/StandardTokenWithOverflowProtection.sol
FN:25,transfer
FN:40,transferFrom
FN:55,approve
FN:71,allowance
FN:82,balanceOf
FNF:5
FNH:4
FNDA:0,transfer
FNDA:5,transferFrom
FNDA:15,approve
FNDA:6,allowance
FNDA:31,balanceOf
DA:29,0
DA:30,0
DA:31,0
DA:32,0
DA:44,5
DA:45,5
DA:46,5
DA:47,5
DA:48,5
DA:59,15
DA:60,15
DA:61,15
DA:76,6
DA:87,31
LF:14
LH:10
BRF:0
BRH:0
end_of_record
TN:
SF:/Users/primary/temp/0x_contracts/contracts/base/Token.sol
FN:6,totalSupply
FN:10,balanceOf
FN:16,transfer
FN:23,transferFrom
FN:29,approve
FN:34,allowance
FNF:6
FNH:0
FNDA:0,totalSupply
FNDA:0,balanceOf
FNDA:0,transfer
FNDA:0,transferFrom
FNDA:0,approve
FNDA:0,allowance
LF:0
LH:0
BRF:0
BRH:0
end_of_record
TN:
SF:/Users/primary/temp/0x_contracts/contracts/Exchange.sol
FN:87,Exchange
FN:105,fillOrder
FN:220,cancelOrder
FN:282,fillOrKillOrder
FN:310,batchFillOrders
FN:340,batchFillOrKillOrders
FN:370,fillOrdersUpTo
FN:402,batchCancelOrders
FN:425,getOrderHash
FN:453,isValidSignature
FN:476,isRoundingError
FN:496,getPartialAmount
FN:507,getUnavailableTakerTokenAmount
FN:526,transferViaTokenTransferProxy
FN:541,isTransferable
FN:582,getBalance
FN:594,getAllowance
FNF:17
FNH:17
FNDA:1,Exchange
FNDA:59,fillOrder
FNDA:12,cancelOrder
FNDA:14,fillOrKillOrder
FNDA:2,batchFillOrders
FNDA:2,batchFillOrKillOrders
FNDA:3,fillOrdersUpTo
FNDA:1,batchCancelOrders
FNDA:92,getOrderHash
FNDA:57,isValidSignature
FNDA:51,isRoundingError
FNDA:205,getPartialAmount
FNDA:65,getUnavailableTakerTokenAmount
FNDA:119,transferViaTokenTransferProxy
FNDA:41,isTransferable
FNDA:138,getBalance
FNDA:131,getAllowance
DA:88,1
DA:89,1
DA:116,59
DA:130,59
DA:131,58
DA:132,55
DA:140,54
DA:141,3
DA:142,3
DA:145,51
DA:146,51
DA:147,51
DA:148,6
DA:149,6
DA:152,45
DA:153,0
DA:154,0
DA:157,45
DA:158,8
DA:159,8
DA:162,36
DA:163,36
DA:164,36
DA:165,36
DA:166,36
DA:172,33
DA:178,31
DA:179,25
DA:180,25
DA:181,25
DA:188,25
DA:189,25
DA:190,25
DA:199,31
DA:212,31
DA:227,12
DA:241,12
DA:242,11
DA:244,9
DA:245,1
DA:246,1
DA:249,8
DA:250,8
DA:251,8
DA:252,1
DA:253,1
DA:256,7
DA:258,7
DA:268,7
DA:291,14
DA:320,2
DA:321,6
DA:349,2
DA:350,4
DA:381,3
DA:382,3
DA:384,6
DA:393,6
DA:395,2
DA:408,1
DA:409,3
DA:430,92
DA:463,57
DA:481,51
DA:484,5
DA:488,5
DA:501,205
DA:512,65
DA:534,119
DA:546,41
DA:547,41
DA:549,41
DA:550,34
DA:551,34
DA:552,34
DA:553,34
DA:554,34
DA:555,34
DA:557,34
DA:563,30
DA:566,28
DA:575,32
LF:82
LH:80
BRDA:130,1,0,58
BRDA:130,1,1,1
BRDA:131,2,0,55
BRDA:131,2,1,3
BRDA:132,3,0,54
BRDA:132,3,1,1
BRDA:140,4,0,3
BRDA:140,4,1,51
BRDA:147,5,0,6
BRDA:147,5,1,45
BRDA:152,6,0,0
BRDA:152,6,1,45
BRDA:157,7,0,8
BRDA:157,7,1,36
BRDA:166,8,0,33
BRDA:166,8,1,3
BRDA:172,9,0,31
BRDA:172,9,1,2
BRDA:178,10,0,25
BRDA:178,10,1,6
BRDA:179,11,0,25
BRDA:179,11,1,0
BRDA:181,12,0,25
BRDA:181,12,1,0
BRDA:188,13,0,25
BRDA:188,13,1,0
BRDA:190,14,0,25
BRDA:190,14,1,0
BRDA:241,15,0,11
BRDA:241,15,1,1
BRDA:242,16,0,9
BRDA:242,16,1,2
BRDA:244,17,0,1
BRDA:244,17,1,8
BRDA:251,18,0,1
BRDA:251,18,1,7
BRDA:291,19,0,10
BRDA:291,19,1,4
BRDA:383,20,0,6
BRDA:383,20,1,1
BRDA:393,21,0,1
BRDA:393,21,1,5
BRDA:482,22,0,46
BRDA:482,22,1,5
BRDA:549,23,0,34
BRDA:549,23,1,7
BRDA:554,24,0,2
BRDA:554,24,1,32
BRDA:555,25,0,2
BRDA:555,25,1,32
BRDA:557,26,0,4
BRDA:557,26,1,30
BRDA:563,27,0,2
BRDA:563,27,1,28
BRDA:566,28,0,2
BRDA:566,28,1,25
BRDA:569,29,0,0
BRDA:569,29,1,7
BRF:58
BRH:52
end_of_record
TN:
SF:/Users/primary/temp/0x_contracts/contracts/MultiSigWalletWithTimeLock.sol
FN:34,notFullyConfirmed
FN:39,fullyConfirmed
FN:44,pastTimeLock
FN:57,MultiSigWalletWithTimeLock
FN:66,changeTimeLock
FN:76,confirmTransaction
FN:92,revokeConfirmation
FN:105,executeTransaction
FN:126,setConfirmationTime
FNF:9
FNH:8
FNDA:13,notFullyConfirmed
FNDA:9,fullyConfirmed
FNDA:3,pastTimeLock
FNDA:8,MultiSigWalletWithTimeLock
FNDA:2,changeTimeLock
FNDA:13,confirmTransaction
FNDA:0,revokeConfirmation
FNDA:2,executeTransaction
FNDA:6,setConfirmationTime
DA:35,13
DA:36,13
DA:40,9
DA:41,7
DA:45,3
DA:46,2
DA:61,8
DA:70,2
DA:71,2
DA:83,13
DA:84,13
DA:85,13
DA:86,6
DA:99,0
DA:100,0
DA:111,2
DA:112,2
DA:113,2
DA:114,2
DA:116,0
DA:117,0
DA:129,6
DA:130,6
LF:23
LH:19
BRDA:35,1,0,13
BRDA:35,1,1,0
BRDA:40,2,0,7
BRDA:40,2,1,2
BRDA:45,3,0,2
BRDA:45,3,1,1
BRDA:85,4,0,6
BRDA:85,4,1,7
BRDA:113,5,0,2
BRDA:113,5,1,0
BRF:10
BRH:8
end_of_record
TN:
SF:/Users/primary/temp/0x_contracts/contracts/MultiSigWalletWithTimeLockExceptRemoveAuthorizedAddress.sol
FN:9,validRemoveAuthorizedAddressTx
FN:21,MultiSigWalletWithTimeLockExceptRemoveAuthorizedAddress
FN:34,executeRemoveAuthorizedAddress
FN:53,isFunctionRemoveAuthorizedAddress
FNF:4
FNH:4
FNDA:4,validRemoveAuthorizedAddressTx
FNDA:7,MultiSigWalletWithTimeLockExceptRemoveAuthorizedAddress
FNDA:2,executeRemoveAuthorizedAddress
FNDA:5,isFunctionRemoveAuthorizedAddress
DA:10,4
DA:11,4
DA:12,3
DA:13,2
DA:29,7
DA:40,2
DA:41,2
DA:42,2
DA:43,2
DA:45,0
DA:46,0
DA:58,5
DA:59,5
DA:60,14
DA:62,3
LF:15
LH:13
BRDA:11,1,0,3
BRDA:11,1,1,1
BRDA:12,2,0,2
BRDA:12,2,1,1
BRDA:42,3,0,2
BRDA:42,3,1,0
BRDA:60,4,0,12
BRDA:60,4,1,2
BRF:8
BRH:7
end_of_record
TN:
SF:/Users/primary/temp/0x_contracts/contracts/test/DummyToken.sol
FN:11,DummyToken
FN:24,setBalance
FNF:2
FNH:2
FNDA:6,DummyToken
FNDA:43,setBalance
DA:17,6
DA:18,6
DA:19,6
DA:20,6
DA:21,6
DA:25,43
DA:26,43
DA:27,8
DA:29,35
DA:31,43
LF:10
LH:10
BRDA:26,1,0,8
BRDA:26,1,1,35
BRF:2
BRH:2
end_of_record
TN:
SF:/Users/primary/temp/0x_contracts/contracts/test/MaliciousToken.sol
FN:8,updateState
FN:12,balanceOf
FN:21,allowance
FNF:3
FNH:2
FNDA:1,updateState
FNDA:1,balanceOf
FNDA:0,allowance
DA:9,1
DA:17,1
DA:18,0
DA:26,0
DA:27,0
LF:5
LH:2
BRF:0
BRH:0
end_of_record
TN:
SF:/Users/primary/temp/0x_contracts/contracts/test/Mintable.sol
FN:11,mint
FNF:1
FNH:0
FNDA:0,mint
DA:12,0
DA:13,0
DA:14,0
LF:3
LH:0
BRDA:12,1,0,0
BRDA:12,1,1,0
BRF:2
BRH:0
end_of_record
TN:
SF:/Users/primary/temp/0x_contracts/contracts/TokenRegistry.sol
FN:64,tokenExists
FN:69,tokenDoesNotExist
FN:74,nameDoesNotExist
FN:79,symbolDoesNotExist
FN:92,addToken
FN:128,removeToken
FN:157,setTokenName
FN:173,setTokenSymbol
FN:189,setTokenIpfsHash
FN:202,setTokenSwarmHash
FN:219,getTokenAddressBySymbol
FN:226,getTokenAddressByName
FN:233,getTokenMetaData
FN:259,getTokenByName
FN:278,getTokenBySymbol
FN:296,getTokenAddresses
FNF:16
FNH:12
FNDA:8,tokenExists
FNDA:29,tokenDoesNotExist
FNDA:29,nameDoesNotExist
FNDA:30,symbolDoesNotExist
FNDA:26,addToken
FNDA:1,removeToken
FNDA:1,setTokenName
FNDA:1,setTokenSymbol
FNDA:0,setTokenIpfsHash
FNDA:0,setTokenSwarmHash
FNDA:13,getTokenAddressBySymbol
FNDA:0,getTokenAddressByName
FNDA:8,getTokenMetaData
FNDA:3,getTokenByName
FNDA:3,getTokenBySymbol
FNDA:0,getTokenAddresses
DA:65,8
DA:66,5
DA:70,29
DA:71,28
DA:75,29
DA:76,27
DA:80,30
DA:81,28
DA:105,26
DA:113,26
DA:114,26
DA:115,26
DA:116,26
DA:133,1
DA:134,1
DA:135,1
DA:136,1
DA:137,1
DA:140,1
DA:141,1
DA:149,1
DA:150,1
DA:151,1
DA:163,1
DA:164,1
DA:165,1
DA:166,1
DA:167,1
DA:179,1
DA:180,1
DA:181,1
DA:182,1
DA:183,1
DA:194,0
DA:195,0
DA:196,0
DA:207,0
DA:208,0
DA:209,0
DA:220,13
DA:227,0
DA:245,8
DA:246,8
DA:271,3
DA:272,3
DA:290,3
DA:291,3
DA:301,0
LF:48
LH:40
BRDA:65,1,0,5
BRDA:65,1,1,3
BRDA:70,2,0,28
BRDA:70,2,1,1
BRDA:75,3,0,27
BRDA:75,3,1,2
BRDA:80,4,0,28
BRDA:80,4,1,2
BRDA:134,5,0,1
BRDA:134,5,1,0
BRF:10
BRH:9
end_of_record
TN:
SF:/Users/primary/temp/0x_contracts/contracts/tokens/EtherToken.sol
FN:22,
FN:30,deposit
FN:40,withdraw
FNF:3
FNH:3
FNDA:1,
FNDA:8,deposit
FNDA:2,withdraw
DA:26,1
DA:34,8
DA:35,8
DA:43,2
DA:44,1
DA:45,1
LF:6
LH:6
BRDA:45,1,0,1
BRDA:45,1,1,0
BRF:2
BRH:1
end_of_record
TN:
SF:/Users/primary/temp/0x_contracts/contracts/tokens/ZRXToken.sol
FN:16,ZRXToken
FN:20,approveUnlimited
FN:29,transferFrom
FN:50,unlimitedAllowance
FNF:4
FNH:4
FNDA:16,ZRXToken
FNDA:5,approveUnlimited
FNDA:7,transferFrom
FNDA:5,unlimitedAllowance
DA:17,16
DA:24,5
DA:25,5
DA:26,5
DA:33,7
DA:34,7
DA:38,5
DA:39,5
DA:40,5
DA:41,3
DA:43,5
DA:44,5
DA:46,2
DA:55,5
LF:14
LH:14
BRDA:34,1,0,5
BRDA:34,1,1,2
BRDA:40,2,0,3
BRDA:40,2,1,2
BRF:4
BRH:4
end_of_record
TN:
SF:/Users/primary/temp/0x_contracts/contracts/TokenSale.sol
FN:47,saleNotInitialized
FN:52,saleStarted
FN:57,saleNotFinished
FN:62,onlyRegistered
FN:67,validStartTime
FN:72,validBaseEthCapPerAddress
FN:77,TokenSale
FN:88,
FN:102,initializeSale
FN:156,fillOrderWithEth
FN:195,changeRegistrationStatus
FN:206,changeRegistrationStatuses
FN:218,getEthCapPerAddress
FN:248,isValidSignature
FN:268,getOrderHash
FN:278,getOrderMakerTokenAmount
FN:288,getOrderTakerTokenAmount
FNF:17
FNH:14
FNDA:44,saleNotInitialized
FNDA:10,saleStarted
FNDA:7,saleNotFinished
FNDA:6,onlyRegistered
FNDA:22,validStartTime
FNDA:21,validBaseEthCapPerAddress
FNDA:29,TokenSale
FNDA:1,
FNDA:20,initializeSale
FNDA:6,fillOrderWithEth
FNDA:16,changeRegistrationStatus
FNDA:2,changeRegistrationStatuses
FNDA:11,getEthCapPerAddress
FNDA:16,isValidSignature
FNDA:0,getOrderHash
FNDA:0,getOrderMakerTokenAmount
FNDA:0,getOrderTakerTokenAmount
DA:48,44
DA:49,41
DA:53,10
DA:54,7
DA:58,7
DA:59,6
DA:63,6
DA:64,6
DA:68,22
DA:69,21
DA:73,21
DA:74,20
DA:82,29
DA:83,29
DA:84,29
DA:91,1
DA:116,20
DA:134,20
DA:135,19
DA:136,18
DA:137,17
DA:139,16
DA:147,15
DA:148,15
DA:149,15
DA:150,15
DA:152,15
DA:163,6
DA:164,6
DA:165,6
DA:166,6
DA:167,6
DA:169,6
DA:171,6
DA:179,5
DA:180,5
DA:182,5
DA:183,3
DA:185,5
DA:186,2
DA:187,2
DA:188,2
DA:200,16
DA:211,2
DA:212,4
DA:223,11
DA:225,9
DA:226,9
DA:231,9
DA:238,9
DA:258,16
DA:273,0
DA:283,0
DA:293,0
LF:54
LH:51
BRDA:48,1,0,41
BRDA:48,1,1,3
BRDA:53,2,0,7
BRDA:53,2,1,3
BRDA:58,3,0,6
BRDA:58,3,1,1
BRDA:63,4,0,6
BRDA:63,4,1,0
BRDA:68,5,0,21
BRDA:68,5,1,1
BRDA:73,6,0,20
BRDA:73,6,1,1
BRDA:134,7,0,19
BRDA:134,7,1,1
BRDA:135,8,0,18
BRDA:135,8,1,1
BRDA:136,9,0,17
BRDA:136,9,1,1
BRDA:137,10,0,16
BRDA:137,10,1,1
BRDA:139,11,0,15
BRDA:139,11,1,1
BRDA:147,12,0,15
BRDA:147,12,1,0
BRDA:180,13,0,5
BRDA:180,13,1,0
BRDA:182,14,0,3
BRDA:182,14,1,2
BRDA:183,15,0,3
BRDA:183,15,1,0
BRDA:185,16,0,2
BRDA:185,16,1,3
BRDA:223,17,0,2
BRDA:223,17,1,9
BRF:34
BRH:30
end_of_record
TN:
SF:/Users/primary/temp/0x_contracts/contracts/TokenTransferProxy.sol
FN:28,onlyAuthorized
FN:33,targetAuthorized
FN:38,targetNotAuthorized
FN:55,addAuthorizedAddress
FN:67,removeAuthorizedAddress
FN:89,transferFrom
FN:107,getAuthorizedAddresses
FNF:7
FNH:7
FNDA:121,onlyAuthorized
FNDA:5,targetAuthorized
FNDA:12,targetNotAuthorized
FNDA:11,addAuthorizedAddress
FNDA:4,removeAuthorizedAddress
FNDA:120,transferFrom
FNDA:3,getAuthorizedAddresses
DA:29,121
DA:30,120
DA:34,5
DA:35,4
DA:39,12
DA:40,11
DA:60,11
DA:61,11
DA:62,11
DA:72,4
DA:73,4
DA:74,6
DA:75,4
DA:76,4
DA:77,4
DA:80,4
DA:98,120
DA:112,3
LF:18
LH:18
BRDA:29,1,0,120
BRDA:29,1,1,1
BRDA:34,2,0,4
BRDA:34,2,1,1
BRDA:39,3,0,11
BRDA:39,3,1,1
BRDA:74,4,0,4
BRDA:74,4,1,2
BRF:8
BRH:8
end_of_record
