TN:
SF:/Users/primary/Projects/0x_contracts/contracts/base/MultiSigWallet.sol
FN:33,onlyWallet
FN:39,ownerDoesNotExist
FN:45,ownerExists
FN:51,transactionExists
FN:57,confirmed
FN:63,notConfirmed
FN:69,notExecuted
FN:75,notNull
FN:81,validRequirement
FN:91,
FN:104,MultiSigWallet
FN:119,addOwner
FN:133,removeOwner
FN:153,replaceOwner
FN:172,changeRequirement
FN:186,submitTransaction
FN:196,confirmTransaction
FN:209,revokeConfirmation
FN:221,executeTransaction
FN:240,isConfirmed
FN:262,addTransaction
FN:284,getConfirmationCount
FN:298,getTransactionCount
FN:311,getOwners
FN:323,getConfirmations
FN:347,getTransactionIds
FNF:26
FNH:11
FNDA:3,onlyWallet
FNDA:0,ownerDoesNotExist
FNDA:13,ownerExists
FNDA:13,transactionExists
FNDA:0,confirmed
FNDA:13,notConfirmed
FNDA:10,notExecuted
FNDA:7,notNull
FNDA:8,validRequirement
FNDA:0,
FNDA:8,MultiSigWallet
FNDA:0,addOwner
FNDA:0,removeOwner
FNDA:0,replaceOwner
FNDA:0,changeRequirement
FNDA:7,submitTransaction
FNDA:0,confirmTransaction
FNDA:0,revokeConfirmation
FNDA:0,executeTransaction
FNDA:17,isConfirmed
FNDA:7,addTransaction
FNDA:0,getConfirmationCount
FNDA:0,getTransactionCount
FNDA:0,getOwners
FNDA:0,getConfirmations
FNDA:0,getTransactionIds
DA:34,3
DA:35,1
DA:36,2
DA:40,0
DA:41,0
DA:42,0
DA:46,13
DA:47,0
DA:48,13
DA:52,13
DA:53,0
DA:54,13
DA:58,0
DA:59,0
DA:60,0
DA:64,13
DA:65,0
DA:66,13
DA:70,10
DA:71,1
DA:72,9
DA:76,7
DA:77,0
DA:78,7
DA:82,8
DA:86,0
DA:87,8
DA:94,0
DA:95,0
DA:108,8
DA:109,16
DA:110,0
DA:111,16
DA:113,8
DA:114,8
DA:126,0
DA:127,0
DA:128,0
DA:138,0
DA:139,0
DA:140,0
DA:141,0
DA:142,0
DA:144,0
DA:145,0
DA:146,0
DA:147,0
DA:159,0
DA:160,0
DA:161,0
DA:162,0
DA:164,0
DA:165,0
DA:166,0
DA:167,0
DA:177,0
DA:178,0
DA:190,7
DA:191,7
DA:202,0
DA:203,0
DA:204,0
DA:215,0
DA:216,0
DA:225,0
DA:226,0
DA:227,0
DA:228,0
DA:229,0
DA:231,0
DA:232,0
DA:245,17
DA:246,17
DA:247,34
DA:248,27
DA:249,34
DA:250,10
DA:267,7
DA:268,7
DA:274,7
DA:275,7
DA:289,0
DA:290,0
DA:291,0
DA:303,0
DA:304,0
DA:306,0
DA:317,0
DA:328,0
DA:329,0
DA:330,0
DA:331,0
DA:332,0
DA:333,0
DA:334,0
DA:336,0
DA:337,0
DA:338,0
DA:352,0
DA:353,0
DA:354,0
DA:355,0
DA:356,0
DA:359,0
DA:360,0
DA:362,0
DA:363,0
DA:364,0
LF:108
LH:33
BRDA:34,1,0,1
BRDA:34,1,1,2
BRDA:40,2,0,0
BRDA:40,2,1,0
BRDA:46,3,0,0
BRDA:46,3,1,13
BRDA:52,4,0,0
BRDA:52,4,1,13
BRDA:58,5,0,0
BRDA:58,5,1,0
BRDA:64,6,0,0
BRDA:64,6,1,13
BRDA:70,7,0,1
BRDA:70,7,1,9
BRDA:76,8,0,0
BRDA:76,8,1,7
BRDA:82,9,0,0
BRDA:82,9,1,8
BRDA:94,10,0,0
BRDA:94,10,1,0
BRDA:109,11,0,0
BRDA:109,11,1,16
BRDA:140,12,0,0
BRDA:140,12,1,0
BRDA:145,13,0,0
BRDA:145,13,1,0
BRDA:160,14,0,0
BRDA:160,14,1,0
BRDA:225,15,0,0
BRDA:225,15,1,0
BRDA:228,16,0,0
BRDA:228,16,1,0
BRDA:247,17,0,27
BRDA:247,17,1,7
BRDA:249,18,0,10
BRDA:249,18,1,24
BRDA:290,19,0,0
BRDA:290,19,1,0
BRDA:304,20,0,0
BRDA:304,20,1,0
BRDA:332,21,0,0
BRDA:332,21,1,0
BRDA:356,22,0,0
BRDA:356,22,1,0
BRF:44
BRH:14
end_of_record
TN:
SF:/Users/primary/Projects/0x_contracts/contracts/base/Ownable.sol
FN:13,Ownable
FN:17,onlyOwner
FN:22,transferOwnership
FNF:3
FNH:3
FNDA:25,Ownable
FNDA:97,onlyOwner
FNDA:7,transferOwnership
DA:14,25
DA:18,97
DA:19,87
DA:23,7
DA:24,7
LF:5
LH:5
BRDA:23,1,0,7
BRDA:23,1,1,0
BRF:2
BRH:1
end_of_record
TN:
SF:/Users/primary/Projects/0x_contracts/contracts/base/SafeMath.sol
FN:4,safeMul
FN:10,safeDiv
FN:15,safeSub
FN:20,safeAdd
FN:26,max64
FN:30,min64
FN:34,max256
FN:38,min256
FNF:8
FNH:5
FNDA:177,safeMul
FNDA:177,safeDiv
FNDA:106,safeSub
FNDA:135,safeAdd
FNDA:0,max64
FNDA:0,min64
FNDA:0,max256
FNDA:62,min256
DA:5,177
DA:6,177
DA:7,177
DA:11,177
DA:12,177
DA:16,105
DA:17,104
DA:21,135
DA:22,135
DA:23,135
DA:27,0
DA:31,0
DA:35,0
DA:39,62
LF:14
LH:11
BRF:0
BRH:0
end_of_record
TN:
SF:/Users/primary/Projects/0x_contracts/contracts/base/StandardToken.sol
FN:7,transfer
FN:17,transferFrom
FN:27,balanceOf
FN:31,approve
FN:37,allowance
FNF:5
FNH:5
FNDA:4,transfer
FNDA:98,transferFrom
FNDA:666,balanceOf
FNDA:23,approve
FNDA:107,allowance
DA:9,4
DA:10,4
DA:11,4
DA:12,4
DA:13,4
DA:18,98
DA:19,94
DA:20,94
DA:21,94
DA:22,94
DA:23,94
DA:28,666
DA:32,23
DA:33,23
DA:34,23
DA:38,107
LF:16
LH:16
BRDA:9,1,0,4
BRDA:9,1,1,0
BRDA:18,2,0,94
BRDA:18,2,1,4
BRF:4
BRH:3
end_of_record
TN:
SF:/Users/primary/Projects/0x_contracts/contracts/base/StandardTokenWithOverflowProtection.sol
FN:25,transfer
FN:40,transferFrom
FN:55,approve
FN:71,allowance
FN:82,balanceOf
FNF:5
FNH:4
FNDA:0,transfer
FNDA:5,transferFrom
FNDA:8,approve
FNDA:5,allowance
FNDA:26,balanceOf
DA:29,0
DA:30,0
DA:31,0
DA:32,0
DA:44,5
DA:45,4
DA:46,4
DA:47,4
DA:48,4
DA:59,8
DA:60,8
DA:61,8
DA:76,5
DA:87,26
LF:14
LH:10
BRF:0
BRH:0
end_of_record
TN:
SF:/Users/primary/Projects/0x_contracts/contracts/base/Token.sol
FN:6,totalSupply
FN:10,balanceOf
FN:16,transfer
FN:23,transferFrom
FN:29,approve
FN:34,allowance
FNF:6
FNH:0
FNDA:0,totalSupply
FNDA:0,balanceOf
FNDA:0,transfer
FNDA:0,transferFrom
FNDA:0,approve
FNDA:0,allowance
LF:0
LH:0
BRF:0
BRH:0
end_of_record
TN:
SF:/Users/primary/Projects/0x_contracts/contracts/Exchange.sol
FN:83,Exchange
FN:101,fillOrder
FN:214,cancelOrder
FN:275,fillOrKillOrder
FN:305,batchFillOrders
FN:337,batchFillOrKillOrders
FN:368,fillOrdersUpTo
FN:400,batchCancelOrders
FN:424,getOrderHash
FN:451,isValidSignature
FN:473,isRoundingError
FN:485,getPartialAmount
FN:495,getUnavailableTakerTokenAmount
FN:513,transferViaProxy
FN:528,isTransferable
FN:569,getBalance
FN:581,getAllowance
FNF:17
FNH:16
FNDA:1,Exchange
FNDA:49,fillOrder
FNDA:10,cancelOrder
FNDA:8,fillOrKillOrder
FNDA:2,batchFillOrders
FNDA:0,batchFillOrKillOrders
FNDA:3,fillOrdersUpTo
FNDA:1,batchCancelOrders
FNDA:60,getOrderHash
FNDA:50,isValidSignature
FNDA:39,isRoundingError
FNDA:173,getPartialAmount
FNDA:57,getUnavailableTakerTokenAmount
FNDA:102,transferViaProxy
FNDA:35,isTransferable
FNDA:116,getBalance
FNDA:110,getAllowance
DA:84,1
DA:85,1
DA:111,49
DA:125,49
DA:126,48
DA:134,47
DA:135,3
DA:136,3
DA:139,44
DA:140,44
DA:141,44
DA:142,5
DA:143,5
DA:146,39
DA:147,0
DA:148,0
DA:151,39
DA:152,8
DA:153,8
DA:156,31
DA:157,31
DA:158,31
DA:159,31
DA:160,31
DA:166,29
DA:172,26
DA:173,21
DA:174,21
DA:175,21
DA:182,21
DA:183,21
DA:184,21
DA:193,26
DA:206,26
DA:220,10
DA:234,10
DA:236,9
DA:237,1
DA:238,1
DA:241,8
DA:242,8
DA:243,8
DA:244,1
DA:245,1
DA:248,7
DA:250,7
DA:260,7
DA:284,8
DA:293,5
DA:315,2
DA:316,6
DA:326,2
DA:346,0
DA:347,0
DA:356,0
DA:378,3
DA:379,3
DA:381,6
DA:390,6
DA:392,2
DA:406,1
DA:407,3
DA:413,1
DA:428,60
DA:460,50
DA:477,39
DA:489,173
DA:499,57
DA:521,102
DA:533,35
DA:534,35
DA:536,35
DA:537,29
DA:538,29
DA:539,29
DA:540,29
DA:541,29
DA:542,29
DA:544,29
DA:550,25
DA:553,23
DA:562,27
DA:574,116
DA:586,110
LF:84
LH:79
BRDA:134,1,0,3
BRDA:134,1,1,44
BRDA:141,2,0,5
BRDA:141,2,1,39
BRDA:146,3,0,0
BRDA:146,3,1,39
BRDA:151,4,0,8
BRDA:151,4,1,31
BRDA:172,5,0,21
BRDA:172,5,1,5
BRDA:173,6,0,21
BRDA:173,6,1,0
BRDA:182,7,0,21
BRDA:182,7,1,0
BRDA:236,8,0,1
BRDA:236,8,1,8
BRDA:243,9,0,1
BRDA:243,9,1,7
BRDA:390,10,0,1
BRDA:390,10,1,5
BRDA:536,11,0,29
BRDA:536,11,1,6
BRDA:541,12,0,2
BRDA:541,12,1,27
BRDA:542,13,0,2
BRDA:542,13,1,27
BRDA:544,14,0,4
BRDA:544,14,1,25
BRDA:550,15,0,2
BRDA:550,15,1,23
BRDA:553,16,0,2
BRDA:553,16,1,21
BRDA:556,17,0,0
BRDA:556,17,1,6
BRF:34
BRH:30
end_of_record
TN:
SF:/Users/primary/Projects/0x_contracts/contracts/MultiSigWalletWithTimeLock.sol
FN:34,confirmationTimeNotSet
FN:39,confirmationTimeSet
FN:44,pastTimeLock
FN:57,MultiSigWalletWithTimeLock
FN:66,changeTimeLock
FN:76,confirmTransaction
FN:92,revokeConfirmation
FN:105,executeTransaction
FN:126,setConfirmationTime
FNF:9
FNH:8
FNDA:13,confirmationTimeNotSet
FNDA:9,confirmationTimeSet
FNDA:3,pastTimeLock
FNDA:8,MultiSigWalletWithTimeLock
FNDA:2,changeTimeLock
FNDA:13,confirmTransaction
FNDA:0,revokeConfirmation
FNDA:2,executeTransaction
FNDA:6,setConfirmationTime
DA:35,13
DA:36,13
DA:40,9
DA:41,7
DA:45,3
DA:46,2
DA:61,8
DA:70,2
DA:71,2
DA:83,13
DA:84,13
DA:85,13
DA:86,6
DA:99,0
DA:100,0
DA:111,2
DA:112,2
DA:113,2
DA:114,2
DA:116,0
DA:117,0
DA:129,6
DA:130,6
LF:23
LH:19
BRDA:85,1,0,6
BRDA:85,1,1,7
BRDA:113,2,0,2
BRDA:113,2,1,0
BRF:4
BRH:3
end_of_record
TN:
SF:/Users/primary/Projects/0x_contracts/contracts/MultiSigWalletWithTimeLockExceptRemoveAuthorizedAddress.sol
FN:9,validRemoveAuthorizedAddressTx
FN:21,MultiSigWalletWithTimeLockExceptRemoveAuthorizedAddress
FN:34,executeRemoveAuthorizedAddress
FN:53,isFunctionRemoveAuthorizedAddress
FNF:4
FNH:4
FNDA:4,validRemoveAuthorizedAddressTx
FNDA:7,MultiSigWalletWithTimeLockExceptRemoveAuthorizedAddress
FNDA:2,executeRemoveAuthorizedAddress
FNDA:5,isFunctionRemoveAuthorizedAddress
DA:10,4
DA:11,4
DA:12,3
DA:13,2
DA:29,7
DA:40,2
DA:41,2
DA:42,2
DA:43,2
DA:45,0
DA:46,0
DA:58,5
DA:59,5
DA:60,14
DA:62,3
LF:15
LH:13
BRDA:42,1,0,2
BRDA:42,1,1,0
BRF:2
BRH:1
end_of_record
TN:
SF:/Users/primary/Projects/0x_contracts/contracts/Proxy.sol
FN:28,onlyAuthorized
FN:33,targetAuthorized
FN:38,targetNotAuthorized
FN:56,addAuthorizedAddress
FN:70,removeAuthorizedAddress
FN:93,transferFrom
FN:110,getAuthorizedAddresses
FNF:7
FNH:7
FNDA:104,onlyAuthorized
FNDA:4,targetAuthorized
FNDA:11,targetNotAuthorized
FNDA:10,addAuthorizedAddress
FNDA:3,removeAuthorizedAddress
FNDA:103,transferFrom
FNDA:1,getAuthorizedAddresses
DA:29,104
DA:30,103
DA:34,4
DA:35,3
DA:39,11
DA:40,10
DA:61,10
DA:62,10
DA:63,10
DA:64,10
DA:75,3
DA:76,3
DA:77,4
DA:78,3
DA:79,3
DA:80,3
DA:83,3
DA:84,3
DA:101,103
DA:115,1
LF:20
LH:20
BRDA:77,1,0,3
BRDA:77,1,1,1
BRF:2
BRH:2
end_of_record
TN:
SF:/Users/primary/Projects/0x_contracts/contracts/TokenDistributionWithRegistry.sol
FN:65,distributionInitialized
FN:70,distributionNotInitialized
FN:75,distributionNotFinished
FN:80,callerIsRegistered
FN:85,TokenDistributionWithRegistry
FN:104,
FN:116,init
FN:177,fillOrderWithEth
FN:214,setTokenAllowance
FN:224,setCapPerAddress
FN:233,changeRegistrationStatus
FN:242,changeRegistrationStatuses
FN:254,getOrderHash
FN:281,isValidSignature
FNF:14
FNH:14
FNDA:8,distributionInitialized
FNDA:14,distributionNotInitialized
FNDA:7,distributionNotFinished
FNDA:6,callerIsRegistered
FNDA:9,TokenDistributionWithRegistry
FNDA:1,
FNDA:12,init
FNDA:5,fillOrderWithEth
FNDA:8,setTokenAllowance
FNDA:3,setCapPerAddress
FNDA:14,changeRegistrationStatus
FNDA:2,changeRegistrationStatuses
FNDA:12,getOrderHash
FNDA:9,isValidSignature
DA:66,8
DA:67,7
DA:71,14
DA:72,13
DA:76,7
DA:77,6
DA:81,6
DA:82,5
DA:92,9
DA:93,9
DA:94,9
DA:95,9
DA:96,9
DA:98,9
DA:99,9
DA:100,9
DA:107,1
DA:125,12
DA:143,12
DA:144,11
DA:145,10
DA:147,9
DA:155,8
DA:156,8
DA:158,8
DA:183,5
DA:184,5
DA:185,5
DA:186,5
DA:188,5
DA:190,5
DA:198,4
DA:199,4
DA:201,4
DA:202,3
DA:204,4
DA:205,2
DA:206,2
DA:218,8
DA:219,8
DA:227,3
DA:236,14
DA:245,2
DA:246,4
DA:258,12
DA:290,9
LF:46
LH:46
BRDA:201,1,0,3
BRDA:201,1,1,1
BRDA:204,2,0,2
BRDA:204,2,1,2
BRF:4
BRH:4
end_of_record
TN:
SF:/Users/primary/Projects/0x_contracts/contracts/TokenRegistry.sol
FN:68,tokenExists
FN:74,tokenDoesNotExist
FN:88,addToken
FN:125,removeToken
FN:155,setTokenName
FN:170,setTokenSymbol
FN:185,setTokenIpfsHash
FN:198,setTokenSwarmHash
FN:211,setTokenUrl
FN:228,getTokenAddressBySymbol
FN:235,getTokenAddressByName
FN:242,getTokenMetaData
FN:269,getTokenByName
FN:288,getTokenBySymbol
FN:306,getTokenAddresses
FNF:15
FNH:10
FNDA:3,tokenExists
FNDA:8,tokenDoesNotExist
FNDA:8,addToken
FNDA:1,removeToken
FNDA:1,setTokenName
FNDA:1,setTokenSymbol
FNDA:0,setTokenIpfsHash
FNDA:0,setTokenSwarmHash
FNDA:0,setTokenUrl
FNDA:13,getTokenAddressBySymbol
FNDA:0,getTokenAddressByName
FNDA:8,getTokenMetaData
FNDA:3,getTokenByName
FNDA:3,getTokenBySymbol
FNDA:0,getTokenAddresses
DA:69,3
DA:70,3
DA:75,8
DA:76,8
DA:100,8
DA:109,8
DA:110,8
DA:111,8
DA:112,8
DA:130,1
DA:131,8
DA:132,1
DA:133,1
DA:134,1
DA:137,1
DA:138,1
DA:147,1
DA:148,1
DA:149,1
DA:160,1
DA:161,1
DA:162,1
DA:163,1
DA:164,1
DA:175,1
DA:176,1
DA:177,1
DA:178,1
DA:179,1
DA:190,0
DA:191,0
DA:192,0
DA:203,0
DA:204,0
DA:205,0
DA:216,0
DA:217,0
DA:218,0
DA:229,13
DA:236,0
DA:254,8
DA:255,8
DA:281,3
DA:282,3
DA:300,3
DA:301,3
DA:308,0
LF:47
LH:36
BRDA:69,1,0,3
BRDA:69,1,1,0
BRDA:75,2,0,8
BRDA:75,2,1,0
BRDA:131,3,0,1
BRDA:131,3,1,7
BRF:6
BRH:4
end_of_record
TN:
SF:/Users/primary/Projects/0x_contracts/contracts/tokens/DummyToken.sol
FN:11,DummyToken
FN:24,setBalance
FNF:2
FNH:2
FNDA:6,DummyToken
FNDA:15,setBalance
DA:17,6
DA:18,6
DA:19,6
DA:20,6
DA:21,6
DA:25,15
DA:26,15
DA:27,8
DA:29,7
DA:31,15
LF:10
LH:10
BRDA:26,1,0,8
BRDA:26,1,1,7
BRF:2
BRH:2
end_of_record
TN:
SF:/Users/primary/Projects/0x_contracts/contracts/tokens/EtherToken.sol
FN:22,
FN:30,deposit
FN:40,withdraw
FNF:3
FNH:3
FNDA:1,
FNDA:7,deposit
FNDA:2,withdraw
DA:26,1
DA:34,7
DA:35,7
DA:43,2
DA:44,1
DA:45,1
LF:6
LH:6
BRF:0
BRH:0
end_of_record
TN:
SF:/Users/primary/Projects/0x_contracts/contracts/tokens/Mintable.sol
FN:11,mint
FNF:1
FNH:0
FNDA:0,mint
DA:12,0
DA:13,0
DA:14,0
LF:3
LH:0
BRF:0
BRH:0
end_of_record
TN:
SF:/Users/primary/Projects/0x_contracts/contracts/tokens/ZRXToken.sol
FN:10,ProtocolToken
FNF:1
FNH:0
FNDA:0,ProtocolToken
DA:12,0
LF:1
LH:0
BRF:0
BRH:0
end_of_record
